<?xml version="1.0" encoding="UTF-8"?>
<!-- Generated by org.testng.reporters.JUnitReportReporter -->
<testsuite hostname="QT-INBG-LT0504" failures="0" tests="1" name="project.order" time="9.369" errors="0" timestamp="2022-07-19T15:54:20 IST" skipped="0">
  <testcase classname="project.order" name="ord" time="9.369"/>
  <system-out/>
</testsuite> <!-- project.order -->
