<?xml version="1.0" encoding="UTF-8"?>
<!-- Generated by org.testng.reporters.JUnitReportReporter -->
<testsuite hostname="QT-INBG-LT0504" failures="0" tests="1" name="project.contactus" time="14.562" errors="0" timestamp="2022-07-21T12:17:45 IST" skipped="0">
  <testcase classname="project.contactus" name="cont" time="14.562"/>
  <system-out/>
</testsuite> <!-- project.contactus -->
