<?xml version="1.0" encoding="UTF-8"?>
<!-- Generated by org.testng.reporters.JUnitReportReporter -->
<testsuite hostname="QT-INBG-LT0504" failures="0" tests="1" name="project.allmobile" time="15.687" errors="0" timestamp="2022-07-21T09:32:24 IST" skipped="0">
  <testcase classname="project.allmobile" name="allmob" time="15.687"/>
  <system-out/>
</testsuite> <!-- project.allmobile -->
