<?xml version="1.0" encoding="UTF-8"?>
<!-- Generated by org.testng.reporters.JUnitReportReporter -->
<testsuite hostname="QT-INBG-LT0504" failures="0" tests="1" name="project.login" time="7.720" errors="0" timestamp="2022-07-19T15:06:18 IST" skipped="0">
  <testcase classname="project.login" name="log" time="7.720"/>
  <system-out/>
</testsuite> <!-- project.login -->
