<?xml version="1.0" encoding="UTF-8"?>
<!-- Generated by org.testng.reporters.JUnitReportReporter -->
<testsuite hostname="QT-INBG-LT0504" failures="0" tests="1" name="project.signup" time="14.073" errors="0" timestamp="2022-07-22T12:51:13 IST" skipped="0">
  <testcase classname="project.signup" name="aign" time="14.073"/>
  <system-out/>
</testsuite> <!-- project.signup -->
