<?xml version="1.0" encoding="UTF-8"?>
<!-- Generated by org.testng.reporters.JUnitReportReporter -->
<testsuite hostname="QT-INBG-LT0504" failures="0" tests="1" name="project.contactus$login" time="9.546" errors="0" timestamp="2022-07-18T12:10:51 IST" skipped="0">
  <testcase classname="project.contactus$login" name="log" time="9.546"/>
  <system-out/>
</testsuite> <!-- project.contactus$login -->
